<?xml version="1.0" encoding="UTF-8"?>
<!-- Generated by org.testng.reporters.JUnitReportReporter -->
<testsuite skipped="1" hostname="DESKTOP-KVV1592" name="testNG.TestNG_4" tests="2" failures="0" timestamp="23 Jan 2019 17:36:12 GMT" time="0.010" errors="0">
  <testcase name="WebBikeLoan" time="0.010" classname="testNG.TestNG_4"/>
  <testcase name="MobileBikeLoan" classname="testNG.TestNG_4">
    <skipped/>
  </testcase> <!-- MobileBikeLoan -->
</testsuite> <!-- testNG.TestNG_4 -->
