<?xml version="1.0" encoding="UTF-8"?>
<!-- Generated by org.testng.reporters.JUnitReportReporter -->
<testsuite skipped="0" hostname="DESKTOP-KVV1592" name="testNG.TestNG_3" tests="1" failures="0" timestamp="23 Jan 2019 17:38:14 GMT" time="0.001" errors="0">
  <testcase name="WebCarLoan" time="0.001" classname="testNG.TestNG_3"/>
</testsuite> <!-- testNG.TestNG_3 -->
