<?xml version="1.0" encoding="UTF-8"?>
<!-- Generated by org.testng.reporters.JUnitReportReporter -->
<testsuite skipped="0" hostname="DESKTOP-KVV1592" name="testNG.TestNG_5" tests="5" failures="0" timestamp="23 Jan 2019 17:36:12 GMT" time="0.006" errors="0">
  <testcase name="AccountOpening" time="0.001" classname="testNG.TestNG_5"/>
  <testcase name="AccountOpening" time="0.002" classname="testNG.TestNG_5"/>
  <testcase name="AccountOpening" time="0.001" classname="testNG.TestNG_5"/>
  <testcase name="AccountOpening" time="0.001" classname="testNG.TestNG_5"/>
  <testcase name="AccountOpening" time="0.001" classname="testNG.TestNG_5"/>
</testsuite> <!-- testNG.TestNG_5 -->
